Removed Pin From Net: NetName=Current Sense 1 Pin=TP1-1
Removed Pin From Net: NetName=Current Sense 2 Pin=TP2-1
Removed Pin From Net: NetName=M1_1_Out Pin=TP3-1
Removed Pin From Net: NetName=M1_1_Return Pin=TP4-1
Removed Pin From Net: NetName=M1_2_Out Pin=TP5-1
Removed Pin From Net: NetName=M1_2_Return Pin=TP6-1
Removed Pin From Net: NetName=M1_3_Out Pin=TP7-1
Removed Pin From Net: NetName=M1_3_Return Pin=TP8-1
Removed Pin From Net: NetName=M2_1_Out Pin=TP9-1
Removed Pin From Net: NetName=M2_1_Return Pin=TP10-1
Removed Pin From Net: NetName=M2_2_Out Pin=TP11-1
Removed Pin From Net: NetName=M2_2_Return Pin=TP12-1
Removed Pin From Net: NetName=M2_3_Out Pin=TP13-1
Removed Pin From Net: NetName=M2_3_Return Pin=TP14-1
Removed Member From Class: ClassName=Motor_Driver Member=TP1
Removed Member From Class: ClassName=Motor_Driver Member=TP2
Removed Member From Class: ClassName=Motor_Driver Member=TP3
Removed Member From Class: ClassName=Motor_Driver Member=TP4
Removed Member From Class: ClassName=Motor_Driver Member=TP5
Removed Member From Class: ClassName=Motor_Driver Member=TP6
Removed Member From Class: ClassName=Motor_Driver Member=TP7
Removed Member From Class: ClassName=Motor_Driver Member=TP8
Removed Member From Class: ClassName=Motor_Driver Member=TP9
Removed Member From Class: ClassName=Motor_Driver Member=TP10
Removed Member From Class: ClassName=Motor_Driver Member=TP11
Removed Member From Class: ClassName=Motor_Driver Member=TP12
Removed Member From Class: ClassName=Motor_Driver Member=TP13
Removed Member From Class: ClassName=Motor_Driver Member=TP14
Added Room: Name=Motor_Driver
